<?xml version="1.0" encoding="UTF-8"?>
<testsuite name="cat.itacademy.barcelonactiva.torres.eugenia.s04.t01.n02.S04T01N02TorresEugenia.S04T01N02TorresEugeniaApplicationTests" tests="1" skipped="0" failures="0" errors="0" timestamp="2024-06-16T10:03:17" hostname="LAPTOP-C3KULUDN" time="0.573">
  <properties/>
  <testcase name="contextLoads()" classname="cat.itacademy.barcelonactiva.torres.eugenia.s04.t01.n02.S04T01N02TorresEugenia.S04T01N02TorresEugeniaApplicationTests" time="0.573"/>
  <system-out><![CDATA[12:03:15.413 [Test worker] DEBUG org.springframework.test.context.BootstrapUtils - Instantiating CacheAwareContextLoaderDelegate from class [org.springframework.test.context.cache.DefaultCacheAwareContextLoaderDelegate]
12:03:15.429 [Test worker] DEBUG org.springframework.test.context.BootstrapUtils - Instantiating BootstrapContext using constructor [public org.springframework.test.context.support.DefaultBootstrapContext(java.lang.Class,org.springframework.test.context.CacheAwareContextLoaderDelegate)]
12:03:15.478 [Test worker] DEBUG org.springframework.test.context.BootstrapUtils - Instantiating TestContextBootstrapper for test class [cat.itacademy.barcelonactiva.torres.eugenia.s04.t01.n02.S04T01N02TorresEugenia.S04T01N02TorresEugeniaApplicationTests] from class [org.springframework.boot.test.context.SpringBootTestContextBootstrapper]
12:03:15.491 [Test worker] INFO org.springframework.boot.test.context.SpringBootTestContextBootstrapper - Neither @ContextConfiguration nor @ContextHierarchy found for test class [cat.itacademy.barcelonactiva.torres.eugenia.s04.t01.n02.S04T01N02TorresEugenia.S04T01N02TorresEugeniaApplicationTests], using SpringBootContextLoader
12:03:15.495 [Test worker] DEBUG org.springframework.test.context.support.AbstractContextLoader - Did not detect default resource location for test class [cat.itacademy.barcelonactiva.torres.eugenia.s04.t01.n02.S04T01N02TorresEugenia.S04T01N02TorresEugeniaApplicationTests]: class path resource [cat/itacademy/barcelonactiva/torres/eugenia/s04/t01/n02/S04T01N02TorresEugenia/S04T01N02TorresEugeniaApplicationTests-context.xml] does not exist
12:03:15.496 [Test worker] DEBUG org.springframework.test.context.support.AbstractContextLoader - Did not detect default resource location for test class [cat.itacademy.barcelonactiva.torres.eugenia.s04.t01.n02.S04T01N02TorresEugenia.S04T01N02TorresEugeniaApplicationTests]: class path resource [cat/itacademy/barcelonactiva/torres/eugenia/s04/t01/n02/S04T01N02TorresEugenia/S04T01N02TorresEugeniaApplicationTestsContext.groovy] does not exist
12:03:15.496 [Test worker] INFO org.springframework.test.context.support.AbstractContextLoader - Could not detect default resource locations for test class [cat.itacademy.barcelonactiva.torres.eugenia.s04.t01.n02.S04T01N02TorresEugenia.S04T01N02TorresEugeniaApplicationTests]: no resource found for suffixes {-context.xml, Context.groovy}.
12:03:15.496 [Test worker] INFO org.springframework.test.context.support.AnnotationConfigContextLoaderUtils - Could not detect default configuration classes for test class [cat.itacademy.barcelonactiva.torres.eugenia.s04.t01.n02.S04T01N02TorresEugenia.S04T01N02TorresEugeniaApplicationTests]: S04T01N02TorresEugeniaApplicationTests does not declare any static, non-private, non-final, nested classes annotated with @Configuration.
12:03:15.534 [Test worker] DEBUG org.springframework.test.context.support.ActiveProfilesUtils - Could not find an 'annotation declaring class' for annotation type [org.springframework.test.context.ActiveProfiles] and class [cat.itacademy.barcelonactiva.torres.eugenia.s04.t01.n02.S04T01N02TorresEugenia.S04T01N02TorresEugeniaApplicationTests]
12:03:15.581 [Test worker] DEBUG org.springframework.context.annotation.ClassPathScanningCandidateComponentProvider - Identified candidate component class: file [C:\Users\euge_\OneDrive\Desktop\CVs_y_cursos\curso_Java\IntellijJava\S04T01N02TorresEugenia\build\classes\java\main\cat\itacademy\barcelonactiva\torres\eugenia\s04\t01\n02\S04T01N02TorresEugenia\S04T01N02TorresEugeniaApplication.class]
12:03:15.583 [Test worker] INFO org.springframework.boot.test.context.SpringBootTestContextBootstrapper - Found @SpringBootConfiguration cat.itacademy.barcelonactiva.torres.eugenia.s04.t01.n02.S04T01N02TorresEugenia.S04T01N02TorresEugeniaApplication for test class cat.itacademy.barcelonactiva.torres.eugenia.s04.t01.n02.S04T01N02TorresEugenia.S04T01N02TorresEugeniaApplicationTests
12:03:15.653 [Test worker] DEBUG org.springframework.boot.test.context.SpringBootTestContextBootstrapper - @TestExecutionListeners is not present for class [cat.itacademy.barcelonactiva.torres.eugenia.s04.t01.n02.S04T01N02TorresEugenia.S04T01N02TorresEugeniaApplicationTests]: using defaults.
12:03:15.653 [Test worker] INFO org.springframework.boot.test.context.SpringBootTestContextBootstrapper - Loaded default TestExecutionListener class names from location [META-INF/spring.factories]: [org.springframework.boot.test.autoconfigure.restdocs.RestDocsTestExecutionListener, org.springframework.boot.test.autoconfigure.web.client.MockRestServiceServerResetTestExecutionListener, org.springframework.boot.test.autoconfigure.web.servlet.MockMvcPrintOnlyOnFailureTestExecutionListener, org.springframework.boot.test.autoconfigure.web.servlet.WebDriverTestExecutionListener, org.springframework.boot.test.autoconfigure.webservices.client.MockWebServiceServerTestExecutionListener, org.springframework.boot.test.mock.mockito.MockitoTestExecutionListener, org.springframework.boot.test.mock.mockito.ResetMocksTestExecutionListener, org.springframework.test.context.web.ServletTestExecutionListener, org.springframework.test.context.support.DirtiesContextBeforeModesTestExecutionListener, org.springframework.test.context.event.ApplicationEventsTestExecutionListener, org.springframework.test.context.support.DependencyInjectionTestExecutionListener, org.springframework.test.context.support.DirtiesContextTestExecutionListener, org.springframework.test.context.transaction.TransactionalTestExecutionListener, org.springframework.test.context.jdbc.SqlScriptsTestExecutionListener, org.springframework.test.context.event.EventPublishingTestExecutionListener]
12:03:15.661 [Test worker] DEBUG org.springframework.boot.test.context.SpringBootTestContextBootstrapper - Skipping candidate TestExecutionListener [org.springframework.test.context.transaction.TransactionalTestExecutionListener] due to a missing dependency. Specify custom listener classes or make the default listener classes and their required dependencies available. Offending class: [org/springframework/transaction/interceptor/TransactionAttributeSource]
12:03:15.661 [Test worker] DEBUG org.springframework.boot.test.context.SpringBootTestContextBootstrapper - Skipping candidate TestExecutionListener [org.springframework.test.context.jdbc.SqlScriptsTestExecutionListener] due to a missing dependency. Specify custom listener classes or make the default listener classes and their required dependencies available. Offending class: [org/springframework/transaction/interceptor/TransactionAttribute]
12:03:15.662 [Test worker] INFO org.springframework.boot.test.context.SpringBootTestContextBootstrapper - Using TestExecutionListeners: [org.springframework.test.context.web.ServletTestExecutionListener@7e242b4d, org.springframework.test.context.support.DirtiesContextBeforeModesTestExecutionListener@305f031, org.springframework.test.context.event.ApplicationEventsTestExecutionListener@592e843a, org.springframework.boot.test.mock.mockito.MockitoTestExecutionListener@1d1f7216, org.springframework.boot.test.autoconfigure.SpringBootDependencyInjectionTestExecutionListener@423e4cbb, org.springframework.test.context.support.DirtiesContextTestExecutionListener@6e16b8b5, org.springframework.test.context.event.EventPublishingTestExecutionListener@43b4fe19, org.springframework.boot.test.autoconfigure.restdocs.RestDocsTestExecutionListener@25ddbbbb, org.springframework.boot.test.autoconfigure.web.client.MockRestServiceServerResetTestExecutionListener@1536602f, org.springframework.boot.test.autoconfigure.web.servlet.MockMvcPrintOnlyOnFailureTestExecutionListener@4ebea12c, org.springframework.boot.test.autoconfigure.web.servlet.WebDriverTestExecutionListener@2a1edad4, org.springframework.boot.test.autoconfigure.webservices.client.MockWebServiceServerTestExecutionListener@6256ac4f, org.springframework.boot.test.mock.mockito.ResetMocksTestExecutionListener@44c79f32]
12:03:15.664 [Test worker] DEBUG org.springframework.test.context.support.AbstractDirtiesContextTestExecutionListener - Before test class: context [DefaultTestContext@5dbe30be testClass = S04T01N02TorresEugeniaApplicationTests, testInstance = [null], testMethod = [null], testException = [null], mergedContextConfiguration = [WebMergedContextConfiguration@4fe89c24 testClass = S04T01N02TorresEugeniaApplicationTests, locations = '{}', classes = '{class cat.itacademy.barcelonactiva.torres.eugenia.s04.t01.n02.S04T01N02TorresEugenia.S04T01N02TorresEugeniaApplication}', contextInitializerClasses = '[]', activeProfiles = '{}', propertySourceLocations = '{}', propertySourceProperties = '{org.springframework.boot.test.context.SpringBootTestContextBootstrapper=true}', contextCustomizers = set[org.springframework.boot.test.autoconfigure.actuate.metrics.MetricsExportContextCustomizerFactory$DisableMetricExportContextCustomizer@71c27ee8, org.springframework.boot.test.autoconfigure.properties.PropertyMappingContextCustomizer@0, org.springframework.boot.test.autoconfigure.web.servlet.WebDriverContextCustomizerFactory$Customizer@517d4a0d, org.springframework.boot.test.context.filter.ExcludeFilterContextCustomizer@149dd36b, org.springframework.boot.test.json.DuplicateJsonObjectContextCustomizerFactory$DuplicateJsonObjectContextCustomizer@33fe57a9, org.springframework.boot.test.mock.mockito.MockitoContextCustomizer@0, org.springframework.boot.test.web.client.TestRestTemplateContextCustomizer@324a0017, org.springframework.boot.test.context.SpringBootTestArgs@1, org.springframework.boot.test.context.SpringBootTestWebEnvironment@22ef9844], resourceBasePath = 'src/main/webapp', contextLoader = 'org.springframework.boot.test.context.SpringBootContextLoader', parent = [null]], attributes = map['org.springframework.test.context.web.ServletTestExecutionListener.activateListener' -> true]], class annotated with @DirtiesContext [false] with mode [null].

  .   ____          _            __ _ _
 /\\ / ___'_ __ _ _(_)_ __  __ _ \ \ \ \
( ( )\___ | '_ | '_| | '_ \/ _` | \ \ \ \
 \\/  ___)| |_)| | | | | || (_| |  ) ) ) )
  '  |____| .__|_| |_|_| |_\__, | / / / /
 =========|_|==============|___/=/_/_/_/
 :: Spring Boot ::                (v2.6.6)

2024-06-16 12:03:16.111  INFO 9544 --- [    Test worker] S.S04T01N02TorresEugeniaApplicationTests : Starting S04T01N02TorresEugeniaApplicationTests using Java 17.0.11 on LAPTOP-C3KULUDN with PID 9544 (started by euge_ in C:\Users\euge_\OneDrive\Desktop\CVs_y_cursos\curso_Java\IntellijJava\S04T01N02TorresEugenia)
2024-06-16 12:03:16.112  INFO 9544 --- [    Test worker] S.S04T01N02TorresEugeniaApplicationTests : No active profile set, falling back to 1 default profile: "default"
2024-06-16 12:03:17.639  INFO 9544 --- [    Test worker] S.S04T01N02TorresEugeniaApplicationTests : Started S04T01N02TorresEugeniaApplicationTests in 1.946 seconds (JVM running for 3.951)
]]></system-out>
  <system-err><![CDATA[]]></system-err>
</testsuite>
